<?xml version="1.0" encoding="UTF-8"?>
<testsuite xmlns:xsi="http://www.w3.org/2001/XMLSchema-instance" xsi:noNamespaceSchemaLocation="https://maven.apache.org/surefire/maven-surefire-plugin/xsd/surefire-test-report.xsd" name="com.flexon.calc.CalculatorTest" time="0.089" tests="1" errors="0" skipped="0" failures="0">
  <properties>
    <property name="sun.desktop" value="windows"/>
    <property name="awt.toolkit" value="sun.awt.windows.WToolkit"/>
    <property name="java.specification.version" value="11"/>
    <property name="sun.cpu.isalist" value="amd64"/>
    <property name="sun.jnu.encoding" value="Cp1252"/>
    <property name="java.class.path" value="D:\Pendrive\8th Smester\calc\target\test-classes;D:\Pendrive\8th Smester\calc\target\classes;C:\Users\Muhammad Suleman\.m2\repository\junit\junit\4.11\junit-4.11.jar;C:\Users\Muhammad Suleman\.m2\repository\org\hamcrest\hamcrest-core\1.3\hamcrest-core-1.3.jar;"/>
    <property name="java.vm.vendor" value="Oracle Corporation"/>
    <property name="sun.arch.data.model" value="64"/>
    <property name="user.variant" value=""/>
    <property name="java.vendor.url" value="http://java.oracle.com/"/>
    <property name="user.timezone" value="America/Los_Angeles"/>
    <property name="java.vm.specification.version" value="11"/>
    <property name="os.name" value="Windows 10"/>
    <property name="sun.java.launcher" value="SUN_STANDARD"/>
    <property name="user.country" value="US"/>
    <property name="sun.boot.library.path" value="C:\Program Files\Java\jdk-11.0.2\bin"/>
    <property name="sun.java.command" value="C:\Users\MUHAMM~1\AppData\Local\Temp\surefire6812248634647268485\surefirebooter14656439012527437667.jar C:\Users\Muhammad Suleman\AppData\Local\Temp\surefire6812248634647268485 2019-03-25T15-15-13_069-jvmRun1 surefire2721642647415497743tmp surefire_0206856369117590723tmp"/>
    <property name="jdk.debug" value="release"/>
    <property name="surefire.test.class.path" value="D:\Pendrive\8th Smester\calc\target\test-classes;D:\Pendrive\8th Smester\calc\target\classes;C:\Users\Muhammad Suleman\.m2\repository\junit\junit\4.11\junit-4.11.jar;C:\Users\Muhammad Suleman\.m2\repository\org\hamcrest\hamcrest-core\1.3\hamcrest-core-1.3.jar;"/>
    <property name="sun.cpu.endian" value="little"/>
    <property name="user.home" value="C:\Users\Muhammad Suleman"/>
    <property name="user.language" value="en"/>
    <property name="java.specification.vendor" value="Oracle Corporation"/>
    <property name="java.version.date" value="2019-01-15"/>
    <property name="java.home" value="C:\Program Files\Java\jdk-11.0.2"/>
    <property name="file.separator" value="\"/>
    <property name="basedir" value="D:\Pendrive\8th Smester\calc"/>
    <property name="java.vm.compressedOopsMode" value="32-bit"/>
    <property name="line.separator" value="&#10;"/>
    <property name="java.specification.name" value="Java Platform API Specification"/>
    <property name="java.vm.specification.vendor" value="Oracle Corporation"/>
    <property name="java.awt.graphicsenv" value="sun.awt.Win32GraphicsEnvironment"/>
    <property name="surefire.real.class.path" value="C:\Users\MUHAMM~1\AppData\Local\Temp\surefire6812248634647268485\surefirebooter14656439012527437667.jar"/>
    <property name="user.script" value=""/>
    <property name="sun.management.compiler" value="HotSpot 64-Bit Tiered Compilers"/>
    <property name="java.runtime.version" value="11.0.2+9-LTS"/>
    <property name="user.name" value="Muhammad Suleman"/>
    <property name="path.separator" value=";"/>
    <property name="os.version" value="10.0"/>
    <property name="java.runtime.name" value="Java(TM) SE Runtime Environment"/>
    <property name="file.encoding" value="Cp1252"/>
    <property name="java.vm.name" value="Java HotSpot(TM) 64-Bit Server VM"/>
    <property name="java.vendor.version" value="18.9"/>
    <property name="localRepository" value="C:\Users\Muhammad Suleman\.m2\repository"/>
    <property name="java.vendor.url.bug" value="http://bugreport.java.com/bugreport/"/>
    <property name="java.io.tmpdir" value="C:\Users\MUHAMM~1\AppData\Local\Temp\"/>
    <property name="java.version" value="11.0.2"/>
    <property name="user.dir" value="D:\Pendrive\8th Smester\calc"/>
    <property name="os.arch" value="amd64"/>
    <property name="java.vm.specification.name" value="Java Virtual Machine Specification"/>
    <property name="java.awt.printerjob" value="sun.awt.windows.WPrinterJob"/>
    <property name="sun.os.patch.level" value=""/>
    <property name="java.library.path" value="C:\Program Files\Java\jdk-11.0.2\bin;C:\Windows\Sun\Java\bin;C:\Windows\system32;C:\Windows;C:\Users\Muhammad Suleman\Downloads\cmder\bin;C:\Users\Muhammad Suleman\Downloads\cmder\vendor\bin;C:\Users\Muhammad Suleman\Downloads\cmder\vendor\conemu-maximus5\ConEmu\Scripts;C:\Users\Muhammad Suleman\Downloads\cmder\vendor\conemu-maximus5;C:\Users\Muhammad Suleman\Downloads\cmder\vendor\conemu-maximus5\ConEmu;C:\Program Files\Java\jdk-11.0.2\bin;C:\apache-maven-3.6.0\bin;C:\Users\Muhammad Suleman\AppData\Local\Microsoft\WindowsApps;C:\Users\Muhammad Suleman\Downloads\cmder\vendor\git-for-windows\cmd;C:\Users\Muhammad Suleman\Downloads\cmder\vendor\git-for-windows\mingw64\bin;C:\Users\Muhammad Suleman\Downloads\cmder\vendor\git-for-windows\usr\bin;C:\Users\Muhammad Suleman\Downloads\cmder;."/>
    <property name="java.vendor" value="Oracle Corporation"/>
    <property name="java.vm.info" value="mixed mode"/>
    <property name="java.vm.version" value="11.0.2+9-LTS"/>
    <property name="sun.io.unicode.encoding" value="UnicodeLittle"/>
    <property name="java.class.version" value="55.0"/>
  </properties>
  <testcase name="testSum" classname="com.flexon.calc.CalculatorTest" time="0.014"/>
</testsuite>